  App.cpp
  Bindable.cpp
  Box.cpp
  ChiliException.cpp
  ChiliTimer.cpp
  Drawable.cpp
  dxerr.cpp
  DxgiInfoManager.cpp
  GDIPlusManager.cpp
  Graphics.cpp
  IndexBuffer.cpp
  InputLayout.cpp
  Keyboard.cpp
  Melon.cpp
  Mouse.cpp
  PixelShader.cpp
  Pyramid.cpp
  Sampler.cpp
  Sheet.cpp
  SkinnedBox.cpp
  Surface.cpp
  Texture.cpp
  Topology.cpp
  TransformCbuf.cpp
  VertexBuffer.cpp
  VertexShader.cpp
  Window.cpp
  WindowsMessageMap.cpp
  WinMain.cpp
  hw3d.vcxproj -> G:\UWE work\Year 3\SimSomthing\Simsomthing\SimSomthing\x64\Debug\hw3d.exe
